2021/11/20 14:20:24 main.go:16: test
2021/11/23 16:40:41 todos.go:49: no such column: contetn
2021/11/24 09:02:11 server.go:3159: http: panic serving [::1]:58467: runtime error: invalid memory address or nil pointer dereference
goroutine 7 [running]:
net/http.(*conn).serve.func1(0x14000113360)
	/Users/hideakiehara/sdk/go1.17.2/src/net/http/server.go:1801 +0xdc
panic({0x102b3b400, 0x102db18f0})
	/Users/hideakiehara/sdk/go1.17.2/src/runtime/panic.go:1052 +0x2ac
html/template.(*Template).escape(0x0)
	/Users/hideakiehara/sdk/go1.17.2/src/html/template/template.go:97 +0x30
html/template.(*Template).Execute(0x0, {0x102b8b040, 0x1400019e000}, {0x0, 0x0})
	/Users/hideakiehara/sdk/go1.17.2/src/html/template/template.go:121 +0x28
pj79/apps/controllers.top({0x102b91370, 0x1400019e000}, 0x14000152200)
	/Users/hideakiehara/Go/src/pj79/apps/controllers/route_main.go:10 +0xa4
net/http.HandlerFunc.ServeHTTP(0x102b86da0, {0x102b91370, 0x1400019e000}, 0x14000152200)
	/Users/hideakiehara/sdk/go1.17.2/src/net/http/server.go:2046 +0x40
net/http.(*ServeMux).ServeHTTP(0x102dc4aa0, {0x102b91370, 0x1400019e000}, 0x14000152200)
	/Users/hideakiehara/sdk/go1.17.2/src/net/http/server.go:2424 +0x18c
net/http.serverHandler.ServeHTTP({0x1400015a000}, {0x102b91370, 0x1400019e000}, 0x14000152200)
	/Users/hideakiehara/sdk/go1.17.2/src/net/http/server.go:2878 +0x444
net/http.(*conn).serve(0x14000113360, {0x102b92b00, 0x14000101500})
	/Users/hideakiehara/sdk/go1.17.2/src/net/http/server.go:1929 +0xb6c
created by net/http.(*Server).Serve
	/Users/hideakiehara/sdk/go1.17.2/src/net/http/server.go:3033 +0x4b8
2021/11/24 09:02:11 server.go:3159: http: panic serving [::1]:58468: runtime error: invalid memory address or nil pointer dereference
goroutine 8 [running]:
net/http.(*conn).serve.func1(0x14000113400)
	/Users/hideakiehara/sdk/go1.17.2/src/net/http/server.go:1801 +0xdc
panic({0x102b3b400, 0x102db18f0})
	/Users/hideakiehara/sdk/go1.17.2/src/runtime/panic.go:1052 +0x2ac
html/template.(*Template).escape(0x0)
	/Users/hideakiehara/sdk/go1.17.2/src/html/template/template.go:97 +0x30
html/template.(*Template).Execute(0x0, {0x102b8b040, 0x140000b0000}, {0x0, 0x0})
	/Users/hideakiehara/sdk/go1.17.2/src/html/template/template.go:121 +0x28
pj79/apps/controllers.top({0x102b91370, 0x140000b0000}, 0x14000152100)
	/Users/hideakiehara/Go/src/pj79/apps/controllers/route_main.go:10 +0xa4
net/http.HandlerFunc.ServeHTTP(0x102b86da0, {0x102b91370, 0x140000b0000}, 0x14000152100)
	/Users/hideakiehara/sdk/go1.17.2/src/net/http/server.go:2046 +0x40
net/http.(*ServeMux).ServeHTTP(0x102dc4aa0, {0x102b91370, 0x140000b0000}, 0x14000152100)
	/Users/hideakiehara/sdk/go1.17.2/src/net/http/server.go:2424 +0x18c
net/http.serverHandler.ServeHTTP({0x1400015a000}, {0x102b91370, 0x140000b0000}, 0x14000152100)
	/Users/hideakiehara/sdk/go1.17.2/src/net/http/server.go:2878 +0x444
net/http.(*conn).serve(0x14000113400, {0x102b92b00, 0x14000101500})
	/Users/hideakiehara/sdk/go1.17.2/src/net/http/server.go:1929 +0xb6c
created by net/http.(*Server).Serve
	/Users/hideakiehara/sdk/go1.17.2/src/net/http/server.go:3033 +0x4b8
2021/11/24 09:02:11 server.go:3159: http: panic serving [::1]:58469: runtime error: invalid memory address or nil pointer dereference
goroutine 9 [running]:
net/http.(*conn).serve.func1(0x140001134a0)
	/Users/hideakiehara/sdk/go1.17.2/src/net/http/server.go:1801 +0xdc
panic({0x102b3b400, 0x102db18f0})
	/Users/hideakiehara/sdk/go1.17.2/src/runtime/panic.go:1052 +0x2ac
html/template.(*Template).escape(0x0)
	/Users/hideakiehara/sdk/go1.17.2/src/html/template/template.go:97 +0x30
html/template.(*Template).Execute(0x0, {0x102b8b040, 0x1400015a0e0}, {0x0, 0x0})
	/Users/hideakiehara/sdk/go1.17.2/src/html/template/template.go:121 +0x28
pj79/apps/controllers.top({0x102b91370, 0x1400015a0e0}, 0x14000152300)
	/Users/hideakiehara/Go/src/pj79/apps/controllers/route_main.go:10 +0xa4
net/http.HandlerFunc.ServeHTTP(0x102b86da0, {0x102b91370, 0x1400015a0e0}, 0x14000152300)
	/Users/hideakiehara/sdk/go1.17.2/src/net/http/server.go:2046 +0x40
net/http.(*ServeMux).ServeHTTP(0x102dc4aa0, {0x102b91370, 0x1400015a0e0}, 0x14000152300)
	/Users/hideakiehara/sdk/go1.17.2/src/net/http/server.go:2424 +0x18c
net/http.serverHandler.ServeHTTP({0x1400015a000}, {0x102b91370, 0x1400015a0e0}, 0x14000152300)
	/Users/hideakiehara/sdk/go1.17.2/src/net/http/server.go:2878 +0x444
net/http.(*conn).serve(0x140001134a0, {0x102b92b00, 0x14000101500})
	/Users/hideakiehara/sdk/go1.17.2/src/net/http/server.go:1929 +0xb6c
created by net/http.(*Server).Serve
	/Users/hideakiehara/sdk/go1.17.2/src/net/http/server.go:3033 +0x4b8
2021/11/24 09:02:12 server.go:3159: http: panic serving [::1]:58470: runtime error: invalid memory address or nil pointer dereference
goroutine 19 [running]:
net/http.(*conn).serve.func1(0x140001d2000)
	/Users/hideakiehara/sdk/go1.17.2/src/net/http/server.go:1801 +0xdc
panic({0x102b3b400, 0x102db18f0})
	/Users/hideakiehara/sdk/go1.17.2/src/runtime/panic.go:1052 +0x2ac
html/template.(*Template).escape(0x0)
	/Users/hideakiehara/sdk/go1.17.2/src/html/template/template.go:97 +0x30
html/template.(*Template).Execute(0x0, {0x102b8b040, 0x140000b00e0}, {0x0, 0x0})
	/Users/hideakiehara/sdk/go1.17.2/src/html/template/template.go:121 +0x28
pj79/apps/controllers.top({0x102b91370, 0x140000b00e0}, 0x14000152400)
	/Users/hideakiehara/Go/src/pj79/apps/controllers/route_main.go:10 +0xa4
net/http.HandlerFunc.ServeHTTP(0x102b86da0, {0x102b91370, 0x140000b00e0}, 0x14000152400)
	/Users/hideakiehara/sdk/go1.17.2/src/net/http/server.go:2046 +0x40
net/http.(*ServeMux).ServeHTTP(0x102dc4aa0, {0x102b91370, 0x140000b00e0}, 0x14000152400)
	/Users/hideakiehara/sdk/go1.17.2/src/net/http/server.go:2424 +0x18c
net/http.serverHandler.ServeHTTP({0x1400015a000}, {0x102b91370, 0x140000b00e0}, 0x14000152400)
	/Users/hideakiehara/sdk/go1.17.2/src/net/http/server.go:2878 +0x444
net/http.(*conn).serve(0x140001d2000, {0x102b92b00, 0x14000101500})
	/Users/hideakiehara/sdk/go1.17.2/src/net/http/server.go:1929 +0xb6c
created by net/http.(*Server).Serve
	/Users/hideakiehara/sdk/go1.17.2/src/net/http/server.go:3033 +0x4b8
2021/11/24 09:02:12 server.go:3159: http: panic serving [::1]:58471: runtime error: invalid memory address or nil pointer dereference
goroutine 20 [running]:
net/http.(*conn).serve.func1(0x140001d20a0)
	/Users/hideakiehara/sdk/go1.17.2/src/net/http/server.go:1801 +0xdc
panic({0x102b3b400, 0x102db18f0})
	/Users/hideakiehara/sdk/go1.17.2/src/runtime/panic.go:1052 +0x2ac
html/template.(*Template).escape(0x0)
	/Users/hideakiehara/sdk/go1.17.2/src/html/template/template.go:97 +0x30
html/template.(*Template).Execute(0x0, {0x102b8b040, 0x1400015a1c0}, {0x0, 0x0})
	/Users/hideakiehara/sdk/go1.17.2/src/html/template/template.go:121 +0x28
pj79/apps/controllers.top({0x102b91370, 0x1400015a1c0}, 0x140001d4000)
	/Users/hideakiehara/Go/src/pj79/apps/controllers/route_main.go:10 +0xa4
net/http.HandlerFunc.ServeHTTP(0x102b86da0, {0x102b91370, 0x1400015a1c0}, 0x140001d4000)
	/Users/hideakiehara/sdk/go1.17.2/src/net/http/server.go:2046 +0x40
net/http.(*ServeMux).ServeHTTP(0x102dc4aa0, {0x102b91370, 0x1400015a1c0}, 0x140001d4000)
	/Users/hideakiehara/sdk/go1.17.2/src/net/http/server.go:2424 +0x18c
net/http.serverHandler.ServeHTTP({0x1400015a000}, {0x102b91370, 0x1400015a1c0}, 0x140001d4000)
	/Users/hideakiehara/sdk/go1.17.2/src/net/http/server.go:2878 +0x444
net/http.(*conn).serve(0x140001d20a0, {0x102b92b00, 0x14000101500})
	/Users/hideakiehara/sdk/go1.17.2/src/net/http/server.go:1929 +0xb6c
created by net/http.(*Server).Serve
	/Users/hideakiehara/sdk/go1.17.2/src/net/http/server.go:3033 +0x4b8
2021/11/24 09:02:12 server.go:3159: http: panic serving [::1]:58472: runtime error: invalid memory address or nil pointer dereference
goroutine 21 [running]:
net/http.(*conn).serve.func1(0x140001d2140)
	/Users/hideakiehara/sdk/go1.17.2/src/net/http/server.go:1801 +0xdc
panic({0x102b3b400, 0x102db18f0})
	/Users/hideakiehara/sdk/go1.17.2/src/runtime/panic.go:1052 +0x2ac
html/template.(*Template).escape(0x0)
	/Users/hideakiehara/sdk/go1.17.2/src/html/template/template.go:97 +0x30
html/template.(*Template).Execute(0x0, {0x102b8b040, 0x1400019e0e0}, {0x0, 0x0})
	/Users/hideakiehara/sdk/go1.17.2/src/html/template/template.go:121 +0x28
pj79/apps/controllers.top({0x102b91370, 0x1400019e0e0}, 0x140001d4100)
	/Users/hideakiehara/Go/src/pj79/apps/controllers/route_main.go:10 +0xa4
net/http.HandlerFunc.ServeHTTP(0x102b86da0, {0x102b91370, 0x1400019e0e0}, 0x140001d4100)
	/Users/hideakiehara/sdk/go1.17.2/src/net/http/server.go:2046 +0x40
net/http.(*ServeMux).ServeHTTP(0x102dc4aa0, {0x102b91370, 0x1400019e0e0}, 0x140001d4100)
	/Users/hideakiehara/sdk/go1.17.2/src/net/http/server.go:2424 +0x18c
net/http.serverHandler.ServeHTTP({0x1400015a000}, {0x102b91370, 0x1400019e0e0}, 0x140001d4100)
	/Users/hideakiehara/sdk/go1.17.2/src/net/http/server.go:2878 +0x444
net/http.(*conn).serve(0x140001d2140, {0x102b92b00, 0x14000101500})
	/Users/hideakiehara/sdk/go1.17.2/src/net/http/server.go:1929 +0xb6c
created by net/http.(*Server).Serve
	/Users/hideakiehara/sdk/go1.17.2/src/net/http/server.go:3033 +0x4b8
2021/11/24 09:02:17 server.go:3159: http: panic serving [::1]:58473: runtime error: invalid memory address or nil pointer dereference
goroutine 36 [running]:
net/http.(*conn).serve.func1(0x140000e2000)
	/Users/hideakiehara/sdk/go1.17.2/src/net/http/server.go:1801 +0xdc
panic({0x102b3b400, 0x102db18f0})
	/Users/hideakiehara/sdk/go1.17.2/src/runtime/panic.go:1052 +0x2ac
html/template.(*Template).escape(0x0)
	/Users/hideakiehara/sdk/go1.17.2/src/html/template/template.go:97 +0x30
html/template.(*Template).Execute(0x0, {0x102b8b040, 0x1400019e1c0}, {0x0, 0x0})
	/Users/hideakiehara/sdk/go1.17.2/src/html/template/template.go:121 +0x28
pj79/apps/controllers.top({0x102b91370, 0x1400019e1c0}, 0x140001d4200)
	/Users/hideakiehara/Go/src/pj79/apps/controllers/route_main.go:10 +0xa4
net/http.HandlerFunc.ServeHTTP(0x102b86da0, {0x102b91370, 0x1400019e1c0}, 0x140001d4200)
	/Users/hideakiehara/sdk/go1.17.2/src/net/http/server.go:2046 +0x40
net/http.(*ServeMux).ServeHTTP(0x102dc4aa0, {0x102b91370, 0x1400019e1c0}, 0x140001d4200)
	/Users/hideakiehara/sdk/go1.17.2/src/net/http/server.go:2424 +0x18c
net/http.serverHandler.ServeHTTP({0x1400015a000}, {0x102b91370, 0x1400019e1c0}, 0x140001d4200)
	/Users/hideakiehara/sdk/go1.17.2/src/net/http/server.go:2878 +0x444
net/http.(*conn).serve(0x140000e2000, {0x102b92b00, 0x14000101500})
	/Users/hideakiehara/sdk/go1.17.2/src/net/http/server.go:1929 +0xb6c
created by net/http.(*Server).Serve
	/Users/hideakiehara/sdk/go1.17.2/src/net/http/server.go:3033 +0x4b8
2021/11/24 09:02:17 server.go:3159: http: panic serving [::1]:58474: runtime error: invalid memory address or nil pointer dereference
goroutine 37 [running]:
net/http.(*conn).serve.func1(0x140000e20a0)
	/Users/hideakiehara/sdk/go1.17.2/src/net/http/server.go:1801 +0xdc
panic({0x102b3b400, 0x102db18f0})
	/Users/hideakiehara/sdk/go1.17.2/src/runtime/panic.go:1052 +0x2ac
html/template.(*Template).escape(0x0)
	/Users/hideakiehara/sdk/go1.17.2/src/html/template/template.go:97 +0x30
html/template.(*Template).Execute(0x0, {0x102b8b040, 0x1400015a2a0}, {0x0, 0x0})
	/Users/hideakiehara/sdk/go1.17.2/src/html/template/template.go:121 +0x28
pj79/apps/controllers.top({0x102b91370, 0x1400015a2a0}, 0x140000ec000)
	/Users/hideakiehara/Go/src/pj79/apps/controllers/route_main.go:10 +0xa4
net/http.HandlerFunc.ServeHTTP(0x102b86da0, {0x102b91370, 0x1400015a2a0}, 0x140000ec000)
	/Users/hideakiehara/sdk/go1.17.2/src/net/http/server.go:2046 +0x40
net/http.(*ServeMux).ServeHTTP(0x102dc4aa0, {0x102b91370, 0x1400015a2a0}, 0x140000ec000)
	/Users/hideakiehara/sdk/go1.17.2/src/net/http/server.go:2424 +0x18c
net/http.serverHandler.ServeHTTP({0x1400015a000}, {0x102b91370, 0x1400015a2a0}, 0x140000ec000)
	/Users/hideakiehara/sdk/go1.17.2/src/net/http/server.go:2878 +0x444
net/http.(*conn).serve(0x140000e20a0, {0x102b92b00, 0x14000101500})
	/Users/hideakiehara/sdk/go1.17.2/src/net/http/server.go:1929 +0xb6c
created by net/http.(*Server).Serve
	/Users/hideakiehara/sdk/go1.17.2/src/net/http/server.go:3033 +0x4b8
2021/11/24 09:02:17 server.go:3159: http: panic serving [::1]:58475: runtime error: invalid memory address or nil pointer dereference
goroutine 24 [running]:
net/http.(*conn).serve.func1(0x140001d21e0)
	/Users/hideakiehara/sdk/go1.17.2/src/net/http/server.go:1801 +0xdc
panic({0x102b3b400, 0x102db18f0})
	/Users/hideakiehara/sdk/go1.17.2/src/runtime/panic.go:1052 +0x2ac
html/template.(*Template).escape(0x0)
	/Users/hideakiehara/sdk/go1.17.2/src/html/template/template.go:97 +0x30
html/template.(*Template).Execute(0x0, {0x102b8b040, 0x140000b01c0}, {0x0, 0x0})
	/Users/hideakiehara/sdk/go1.17.2/src/html/template/template.go:121 +0x28
pj79/apps/controllers.top({0x102b91370, 0x140000b01c0}, 0x14000152500)
	/Users/hideakiehara/Go/src/pj79/apps/controllers/route_main.go:10 +0xa4
net/http.HandlerFunc.ServeHTTP(0x102b86da0, {0x102b91370, 0x140000b01c0}, 0x14000152500)
	/Users/hideakiehara/sdk/go1.17.2/src/net/http/server.go:2046 +0x40
net/http.(*ServeMux).ServeHTTP(0x102dc4aa0, {0x102b91370, 0x140000b01c0}, 0x14000152500)
	/Users/hideakiehara/sdk/go1.17.2/src/net/http/server.go:2424 +0x18c
net/http.serverHandler.ServeHTTP({0x1400015a000}, {0x102b91370, 0x140000b01c0}, 0x14000152500)
	/Users/hideakiehara/sdk/go1.17.2/src/net/http/server.go:2878 +0x444
net/http.(*conn).serve(0x140001d21e0, {0x102b92b00, 0x14000101500})
	/Users/hideakiehara/sdk/go1.17.2/src/net/http/server.go:1929 +0xb6c
created by net/http.(*Server).Serve
	/Users/hideakiehara/sdk/go1.17.2/src/net/http/server.go:3033 +0x4b8
2021/11/24 09:02:47 server.go:3159: http: panic serving [::1]:58483: runtime error: invalid memory address or nil pointer dereference
goroutine 25 [running]:
net/http.(*conn).serve.func1(0x140001d2280)
	/Users/hideakiehara/sdk/go1.17.2/src/net/http/server.go:1801 +0xdc
panic({0x102b3b400, 0x102db18f0})
	/Users/hideakiehara/sdk/go1.17.2/src/runtime/panic.go:1052 +0x2ac
html/template.(*Template).escape(0x0)
	/Users/hideakiehara/sdk/go1.17.2/src/html/template/template.go:97 +0x30
html/template.(*Template).Execute(0x0, {0x102b8b040, 0x1400019e2a0}, {0x0, 0x0})
	/Users/hideakiehara/sdk/go1.17.2/src/html/template/template.go:121 +0x28
pj79/apps/controllers.top({0x102b91370, 0x1400019e2a0}, 0x140000ec100)
	/Users/hideakiehara/Go/src/pj79/apps/controllers/route_main.go:10 +0xa4
net/http.HandlerFunc.ServeHTTP(0x102b86da0, {0x102b91370, 0x1400019e2a0}, 0x140000ec100)
	/Users/hideakiehara/sdk/go1.17.2/src/net/http/server.go:2046 +0x40
net/http.(*ServeMux).ServeHTTP(0x102dc4aa0, {0x102b91370, 0x1400019e2a0}, 0x140000ec100)
	/Users/hideakiehara/sdk/go1.17.2/src/net/http/server.go:2424 +0x18c
net/http.serverHandler.ServeHTTP({0x1400015a000}, {0x102b91370, 0x1400019e2a0}, 0x140000ec100)
	/Users/hideakiehara/sdk/go1.17.2/src/net/http/server.go:2878 +0x444
net/http.(*conn).serve(0x140001d2280, {0x102b92b00, 0x14000101500})
	/Users/hideakiehara/sdk/go1.17.2/src/net/http/server.go:1929 +0xb6c
created by net/http.(*Server).Serve
	/Users/hideakiehara/sdk/go1.17.2/src/net/http/server.go:3033 +0x4b8
2021/11/24 09:02:47 server.go:3159: http: panic serving [::1]:58484: runtime error: invalid memory address or nil pointer dereference
goroutine 26 [running]:
net/http.(*conn).serve.func1(0x140001d2320)
	/Users/hideakiehara/sdk/go1.17.2/src/net/http/server.go:1801 +0xdc
panic({0x102b3b400, 0x102db18f0})
	/Users/hideakiehara/sdk/go1.17.2/src/runtime/panic.go:1052 +0x2ac
html/template.(*Template).escape(0x0)
	/Users/hideakiehara/sdk/go1.17.2/src/html/template/template.go:97 +0x30
html/template.(*Template).Execute(0x0, {0x102b8b040, 0x1400015a380}, {0x0, 0x0})
	/Users/hideakiehara/sdk/go1.17.2/src/html/template/template.go:121 +0x28
pj79/apps/controllers.top({0x102b91370, 0x1400015a380}, 0x140001d4300)
	/Users/hideakiehara/Go/src/pj79/apps/controllers/route_main.go:10 +0xa4
net/http.HandlerFunc.ServeHTTP(0x102b86da0, {0x102b91370, 0x1400015a380}, 0x140001d4300)
	/Users/hideakiehara/sdk/go1.17.2/src/net/http/server.go:2046 +0x40
net/http.(*ServeMux).ServeHTTP(0x102dc4aa0, {0x102b91370, 0x1400015a380}, 0x140001d4300)
	/Users/hideakiehara/sdk/go1.17.2/src/net/http/server.go:2424 +0x18c
net/http.serverHandler.ServeHTTP({0x1400015a000}, {0x102b91370, 0x1400015a380}, 0x140001d4300)
	/Users/hideakiehara/sdk/go1.17.2/src/net/http/server.go:2878 +0x444
net/http.(*conn).serve(0x140001d2320, {0x102b92b00, 0x14000101500})
	/Users/hideakiehara/sdk/go1.17.2/src/net/http/server.go:1929 +0xb6c
created by net/http.(*Server).Serve
	/Users/hideakiehara/sdk/go1.17.2/src/net/http/server.go:3033 +0x4b8
2021/11/24 09:02:47 server.go:3159: http: panic serving [::1]:58485: runtime error: invalid memory address or nil pointer dereference
goroutine 39 [running]:
net/http.(*conn).serve.func1(0x140000e2140)
	/Users/hideakiehara/sdk/go1.17.2/src/net/http/server.go:1801 +0xdc
panic({0x102b3b400, 0x102db18f0})
	/Users/hideakiehara/sdk/go1.17.2/src/runtime/panic.go:1052 +0x2ac
html/template.(*Template).escape(0x0)
	/Users/hideakiehara/sdk/go1.17.2/src/html/template/template.go:97 +0x30
html/template.(*Template).Execute(0x0, {0x102b8b040, 0x140000b02a0}, {0x0, 0x0})
	/Users/hideakiehara/sdk/go1.17.2/src/html/template/template.go:121 +0x28
pj79/apps/controllers.top({0x102b91370, 0x140000b02a0}, 0x140000ec200)
	/Users/hideakiehara/Go/src/pj79/apps/controllers/route_main.go:10 +0xa4
net/http.HandlerFunc.ServeHTTP(0x102b86da0, {0x102b91370, 0x140000b02a0}, 0x140000ec200)
	/Users/hideakiehara/sdk/go1.17.2/src/net/http/server.go:2046 +0x40
net/http.(*ServeMux).ServeHTTP(0x102dc4aa0, {0x102b91370, 0x140000b02a0}, 0x140000ec200)
	/Users/hideakiehara/sdk/go1.17.2/src/net/http/server.go:2424 +0x18c
net/http.serverHandler.ServeHTTP({0x1400015a000}, {0x102b91370, 0x140000b02a0}, 0x140000ec200)
	/Users/hideakiehara/sdk/go1.17.2/src/net/http/server.go:2878 +0x444
net/http.(*conn).serve(0x140000e2140, {0x102b92b00, 0x14000101500})
	/Users/hideakiehara/sdk/go1.17.2/src/net/http/server.go:1929 +0xb6c
created by net/http.(*Server).Serve
	/Users/hideakiehara/sdk/go1.17.2/src/net/http/server.go:3033 +0x4b8
